[   0.0000] italincgoup ubs puset[  0.000 Iniiazig cgupubsy c
    0.0000 Iitialiincgoup ubs puacct[   0.00000] nu verio4..0-12-neic (buldlg01-ad601) (gccveio 5.4 26060(Unt 5.40-butu1~1604)  #135-buu MP FriJa1911:436TC 28 butu 4.4-1.135enic4.4.98
  0.0000Comand lneBOT_IMAG=/ot/vmlnu4..0-112-geneicoot=UUD=887e1-866-fb-982-947f6eec9roonsoletyconse=yS0
[   00000] KRN suppotecps:
[   000000]   InelGeinntl
[   00000]  AMAuthentiMD
[    0.000000]   Centaur CentaurHauls
[    0.000000] x86/fpu: Supporting XSAVE feature 0x01: 'x87 floating point registers'
[    0.000000] x86/fpu: Supporting XSAVE feature 0x02: 'SSE registers'
[    0.000000] x86/fpu: Enabled xstate features 0x3, context size is 576 bytes, using 'standard' format.
[    0.000000] x86/fpu: Using 'lazy' FPU context switches.
[    0.000000] e820: BIOS-provided physical RAM map:
[    0.000000] BIOS-e820: [mem 0x0000000000000000-0x000000000009fbff] usable
[    0.000000] BIOS-e820: [mem 0x000000000009fc00-0x000000000009ffff] reserved
[    0.000000] BIOS-e20: [memx00000000000-00000000ffff]esrved
  0.00000]IO-e820:me 0x0000001000x000003effff]usle
[    0.000000] BIOS-e820: [mem 0x000000003fff0000-0x000000003fffffff] ACPI data
[    0.000000] BIOS-e820: [mem 0x00000000fffc0000-0x00000000ffffffff] reserved
[    0.000000] NX (Execute Disable) protection: active
[    0.000000] SMBIOS 2.5 present.
[    0.000000] Hypervisor detected: KVM
[    0.000000] e820: last_pfn = 0x3fff0 max_arch_pfn = 0x400000000
[    0.000000] MTRR: Disabled
[    0.000000] x86/PAT: MTRRs disabled, skipping PAT initialization too.
[    0.000000] CPU MTRRs all blank - virtualized system.
[    0.000000] x86/PAT: Configuration [0-7]: WB  WT  UC- UC  WB  WT  UC- UC  
[    0.000000] found SMP MP-table at [mem 0x0009fff0-0x0009ffff] mapped at [ffff88000009fff0]
[    0.000000] Scanning 1 areas for low memory corruption
[    0.000000] RAMDISK: [mem 0x36234000-0x37111fff]
[    0.000000] ACPI: Early table checksum verification disabled
[    0.000000] ACPI: RSDP 0x00000000000E0000 000024 (v02 VBOX  )
[    0.000000] ACPI: XSDT 0x000000003FFF0030 00003C (v01 VBOX   VBOXXSDT 00000001 ASL  00000061)
[    0.000000] ACPI: FACP 0x000000003FFF00F0 0000F4 (v04 VBOX   VBOXFACP 00000001 ASL  00000061)
[    0.000000] ACPI: DSDT 0x000000003FFF0470 002118 (v01 VBOX   VBOXBIOS 00000002 INTL 20160108)
[    0.000000] ACPI: FACS 0x000000003FFF0200 000040
[    0.000000] ACPI: FACS 0x000000003FFF0200 000040
[    0.000000] ACPI: APIC 0x000000003FFF0240 00005C (v02 VBOX   VBOXAPIC 00000001 ASL  00000061)
[    0.000000] ACPI: SSDT 0x000000003FFF02A0 0001CC (v01 VBOX   VBOXCPUT 00000002 INTL 20160108)
[    0.000000] No NUMA configuration found
[    0.000000] Faking a node at [mem 0x0000000000000000-0x000000003ffeffff]
[    0.000000] NODE_DATA(0) allocated [mem 0x3ffeb000-0x3ffeffff]
[    0.000000] kvm-clock: Using msrs 4b564d01 and 4b564d00
[    0.000000] kvm-clock: cpu 0, msr 0:3ffe3001, primary cpu clock
[    0.000000] kvm-clock: using sched offset of 3457163150 cycles
[    0.000000] clocksource: kvm-clock: mask: 0xffffffffffffffff max_cycles: 0x1cd42e4dffb, max_idle_ns: 881590591483 ns
[    0.000000] Zone ranges:
[    0.000000]   DMA      [mem 0x0000000000001000-0x0000000000ffffff]
[    0.000000]   DMA32    [mem 0x0000000001000000-0x000000003ffeffff]
[    0.000000]   Normal   empty
[    0.000000]   Device   empty
[    0.000000] Movable zone start for each node
[    0.000000] Early memory node ranges
[    0.000000]   node   0: [mem 0x0000000000001000-0x000000000009efff]
[    0.000000]   node   0: [mem 0x0000000000100000-0x000000003ffeffff]
[    0.000000] Initmem setup node 0 [mem 0x0000000000001000-0x000000003ffeffff]
[    0.000000] ACPI: PM-Timer IO Port: 0x4008
[    0.000000] IOAPIC[0]: apic_id 2, version 17, address 0xfec00000, GSI 0-23
[    0.000000] ACPI: INT_SRC_OVR (bus 0 bus_irq 0 global_irq 2 dfl dfl)
[    0.000000] ACPI: INT_SRC_OVR (bus 0 bus_irq 9 global_irq 9 high level)
[    0.000000] Using ACPI (MADT) for SMP configuration information
[    0.000000] smpboot: Allowing 2 CPUs, 0hoplugCP
    00000]PM: egteed nosveemry: emx00000-00000ff
    0000 PM:Restred nosa mmory [emx000f0-00009ff
    .000] PM Risered nsa mmory [m x000a000x00efff][   0.0000 PM: Regiser nose moy: [m 000f000x00ffff]    .000] e8: em 00000-0xfffff] vailable foPCI deic
    0000 Boongaravtuizd keeln KV
  0.0000 ccksocerefined-ifes mask:0xffffffmacyles: 0ffffff, axdl_ns: 74596002168s
[   00000]sep_ercpu:NRPUS:51 n_cmask_bts12 nr_puds2 nr_ndeds:1
  0.00000]ERPU: beed 3pas/pu @ffff00c00000s944r819d328 u1085
    0.000]PV qinck has tleentres25 (orde:  496 bte
    0.000]Buil1 nelists n deorde, biity grupg n.  tapage 291
[   0.000] Policy ne DMA
   0.00000Kenel mmd lie:OO_IMA=/ot/vin-44.0-11-gerc rootUU=e8827-86-41b-2998247fec ro coso=ty1 console=ttyS0
[    0.000000] PID hash table entries: 4096 (order: 3, 32768 bytes)
[    0.000000] Memory: 997308K/1048120K available (849Kkeel cde139K rat 398 rat, 15K it, 16K ss 50812 rered, 0Kcmreerve
   0.00000SLB: HWaig64 Order=03,MinOec=0, Us, odes
   0.0000]Kernelsepageabs isolti: nabled
[    0.000000] Hierarchical RCU implementation.
[    0.000000] 	Build-time adjustment of leaf fanout to 64.
[    0.000000] 	RCU restricting CPUs from NR_CPUS=512 to nr_cpu_ids=2.
[    0.000000] RCU: Adjusting geometry for rcu_fanout_leaf=64, nr_cpu_ids=2
[    0.000000] NR_IRQS:33024 nr_irqs:440 16
[    0.000000] Console: colour VGA+ 80x25
[    0.000000] console [tty1] enabled
[    .0000] conol[ttyS0 ebld
[  000000] tsc: Detected 3092.896 MHz processor
[    9.567138] Calibrating delay loop (skipped) preset value.. 6185.79 BogoMIPS (lpj=12371584)
[    9.735163] pid_max: default: 32768 minimum: 301
[    9.831151] ACPI: Core revision 20150930
[    9.912041] ACPI: 2 ACPI AML tables successfully acquired and loaded
[   10.022791] Security Framework initialized
[   10.105080] Yama: becoming mindful.
[   10.174444] AppArmor: AppArmor initialized
[   10.195869] Dentry cache hash table entries: 131072 (order: 8, 1048576 bytes)
[   10.197419] Inode-cache hash table entries: 65536 (order: 7, 524288 bytes)
[   10.198404] Mount-cache hash table entries: 2048 (order: 2, 16384 bytes)
[   10.199278] Mountpoint-cache hash table entries: 2048 (order: 2, 16384 bytes)
[   10.200337] Initializing cgroup subsys io
[   10.200957] Initializing cgroup subsys memory
[   10.201605] Initializing cgroup subsys devices
[   10.202269] Initializing cgroup subsys freezer
[   10.202924] Initializing cgroup subsys net_cls
[   10.203579] Initializing cgroup subsys perf_event
[   10.204259] Initializing cgroup subsys net_prio
[   10.204925] Initializing cgroup subsys hugetlb
[   10.205578] Initializing cgroup subsys pids
[   10.206285] CPU: Physical Processor ID: 0
[   10.206899] CPU: Processor Core ID: 0
[   10.207492] FEATURE SPEC_CTRL Not Present
[   10.208876] mce: CPU supports 0 MCE banks
[   10.209507] Last level iTLB entries: 4KB 1024, 2MB 1024, 4MB 1024
[   10.210330] Last level dTLB entries: 4KB 1024, 2MB 1024, 4MB 1024, 1GB 4
[   10.212847] Freeing SMP alternatives memory: 32K
[   10.220295] ftrace: allocating 32180 entries in 126 pages
[   10.358161] smpboot: APIC(0) Converting physical 0 to logical package 0
[   10.504194] smpboot: Max logical packages: 1
[   10.597251] ..TIMER: vector=0x30 apic1=0 pin1=2 apic2=-1 pin2=-1
[   10.850894] smpboot: CPU0: Intel(R) Pentium(R) CPU G3240 @ 3.10GHz (family: 0x6, model: 0x3c, stepping: 0x3)
[   11.064234] Performance Events: unsupported p6 CPU model 60 no PMU driver, software events only.
[   11.267300] KVM setup paravirtual spinlock
[   11.360948] x86: Booting SMP configuration:
[   11.412085] .... node  #0, CPUs:      #1
[   11.414888] kvm-clock: cpu 1, msr 0:3ffe3041, secondary cpu clock
[   11.428513] mce: CPU supports 0 MCE banks
[   11.430909] x86: Booted up 1 node, 2 CPUs
[   11.431891] smpboot: Total of 2 processors activated (12371.58 BogoMIPS)
[   11.434551] devtmpfs: initialized
[   11.460197] evm: security.selinux
[   11.502308] evm: security.SMACK64
[   11.551136] evm: security.SMACK64EXEC
[   11.611912] evm: security.SMACK64TRANSMUTE
[   11.681270] evm: security.SMACK64MMAP
[   11.730559] evm: security.ima
[   11.767114] evm: security.capability
[   11.811075] clocksource: jiffies: mask: 0xffffffff max_cycles: 0xffffffff, max_idle_ns: 7645041785100000 ns
[   11.925427] futex hash table entries: 512 (order: 3, 32768 bytes)
[   11.975441] pinctrl core: initialized pinctrl subsystem
[   11.995244] RTC time: 10:58:44, date: 02/21/18
[   11.996045] NET: Registered protocol family 16
[   12.006413] cpuidle: using governor ladder
[   12.034635] cpuidle: using governor menu
[   12.062811] PCCT header not found.
[   12.063629] ACPI: bus type PCI registered
[   12.064415] acpiphp: ACPI Hot Plug PCI Controller Driver version: 0.5
[   12.065625] PCI: Using configuration type 1 for base access
[   12.079315] ACPI: Added _OSI(Module Device)
[   12.106938] ACPI: Added _OSI(Processor Device)
[   12.133146] ACPI: Added _OSI(3.0 _SCP Extensions)
[   12.134009] ACPI: Added _OSI(Processor Aggregator Device)
[   12.135618] ACPI: Executed 1 blocks of module-level executable AML code
[   12.138513] ACPI: Interpreter enabled
[   12.139306] ACPI: (supports S0 S5)
[   12.140029] ACPI: Using IOAPIC for interrupt routing
[   12.141084] PCI: Using host bridge windows from ACPI; if necessary, use "pci=nocrs" and report a bug
[   12.145913] ACPI: PCI Root Bridge [PCI0] (domain 0000 [bus 00-ff])
[   12.147330] acpi PNP0A03:00: _OSC: OS supports [ASPM ClockPM Segments MSI]
[   12.148849] acpi PNP0A03:00: _OSC failed (AE_NOT_FOUND); disabling ASPM
[   12.150310] acpi PNP0A03:00: fail to add MMCONFIG information, can't access extended PCI configuration space under this bridge.
[   12.153199] PCI host bridge to bus 0000:00
[   12.154202] pci_bus 0000:00: root bus resource [io  0x0000-0x0cf7 window]
[   12.155776] pci_bus 0000:00: root bus resource [io  0x0d00-0xffff window]
[   12.157274] pci_bus 0000:00: root bus resource [mem 0x000a0000-0x000bffff window]
[   12.159067] pci_bus 0000:00: root bus resource [mem 0x40000000-0xffdfffff window]
[   12.160928] pci_bus 0000:00: root bus resource [bus 00-ff]
[   12.163630] pci 0000:00:01.1: legacy IDE quirk: reg 0x10: [io  0x01f0-0x01f7]
[   12.165087] pci 0000:00:01.1: legacy IDE quirk: reg 0x14: [io  0x03f6]
[   12.166488] pci 0000:00:01.1: legacy IDE quirk: reg 0x18: [io  0x0170-0x0177]
[   12.167900] pci 0000:00:01.1: legacy IDE quirk: reg 0x1c: [io  0x0376]
[   12.207163] ACPI: PCI Interrupt Link [LNKA] (IRQs 5 9 10 11) *0, disabled.
[   12.295129] ACPI: PCI Interrupt Link [LNKB] (IRQs 5 9 10 *11)
[   12.374973] ACPI: PCI Interrupt Link [LNKC] (IRQs 5 9 *10 11)
[   12.441648] ACPI: PCI Interrupt Link [LNKD] (IRQs 5 *9 10 11)
[   12.460476] ACPI: Enabled 2 GPEs in block 00 to 07
[   12.461528] vgaarb: setting as boot device: PCI:0000:00:02.0
[   12.480448] vgaarb: device added: PCI:0000:00:02.0,decodes=io+mem,owns=io+mem,locks=none
[   12.481982] vgaarb: loaded
[   12.491616] vgaarb: bridge control possible 0000:00:02.0
[   12.493293] SCSI subsystem initialized
[   12.494467] ACPI: bus type USB registered
[   12.495516] usbcore: registered new interface driver usbfs
[   12.496771] usbcore: registered new interface driver hub
[   12.498065] usbcore: registered new device driver usb
[   12.500269] PCI: Using ACPI for IRQ routing
[   12.501669] NetLabel: Initializing
[   12.502619] NetLabel:  domain hash size = 128
[   12.503715] NetLabel:  protocols = UNLABELED CIPSOv4
[   12.504903] NetLabel:  unlabeled traffic allowed by default
[   12.506348] amd_nb: Cannot enumerate AMD northbridges
[   12.507631] clocksource: Switched to clocksource kvm-clock
[   12.516093] AppArmor: AppArmor Filesystem Enabled
[   12.532244] pnp: PnP APIni
[ 12612]npPnAC: un3 vis
[  11507clksrc ai_: ask: 0xffffff max_cycles: 0xffffff, max_idle_ns: 2085701024 ns
[   13.547170] NET: Registered protocol family 2
[   13.548234] TCP established hash table entries: 8192 (order: 4, 65536 bytes)
[   13.549448] TCP bind hash table entries: 8192 (order: 5, 131072 bytes)
[   13.550597] TCP: Hash tables configured (established 8192 bind 8192)
[   13.551767] UDP hash table entries: 512 (order: 2, 16384 bytes)
[   13.552817] UDP-Lite hash table entries: 512 (order: 2, 16384 bytes)
[   13.554163] NET: Registered protocol family 1
[   13.555316] pci 0000:00:00.0: Limiting direct PCI/PCI transfers
[   13.556748] pci 0000:00:01.0: Activating ISA DMA hang workarounds
[   13.558288] Unpacking initramfs...
[   13.755650] Freeing initrd memory: 15224K
[   13.825281] RAPL PMU detected, API unit is 2^-32 Joules, 4 fixed counters 10737418240 ms ovfl timer
[   13.885966] hw unit of domain pp0-core 2^-0 Joules
[   13.975155  hw unit of domain package 2^-0 Joules
[   14.125210] hw unit of domain dram 2^-0 Joules
[   14.245107] hw unit of domain pp1-gpu 2^-0 Joules
[   14.375205] platform rtc_cmos: registered platform RTC device (no PNP device found)
[   14.457446] Scanning for low memory corruption every 60 seconds
[   14.476993] audit: initializing netlink subsys (disabled)
[   14.505211] audit: type=2000 audit(1519210719.951:1): initialized
[   14.569644] Initialise system trusted keyring
[   14.607045] HugeTLB registered 2 MB page size, pre-allocated 0 pages
[   14.609512] zbud: loaded
[   14.610422] VFS: Disk quotas dquot_6.6.0
[   14.611256] VFS: Dquot-cache hash table entries: 512 (order 0, 4096 bytes)
[   14.612755] squashfs: version 4.0 (2009/01/31) Phillip Lougher
[   14.614115] fuse init (API version 7.23)
[   14.615049] Key type big_key registered
[   14.615894] Allocating IMA MOK and blacklist keyrings.
[   14.618002] Key type asymmetric registered
[   14.618868] Asymmetric key parser 'x509' registered
[   14.620035] Block layer SCSI generic (bsg) driver version 0.4 loaded (major 249)
[   14.622005] io scheduler noop registered
[   14.624115] io scheduler deadline registered (default)
[   14.626444] io scheduler cfq registered
[   14.628297] pci_hotplug: PCI Hot Plug PCI Core version: 0.5
[   14.629640] pciehp: PCI Express Hot Plug Controller Driver version: 0.4
[   14.631279] ACPI: AC Adapter [AC] (on-line)
[   14.632413] input: Power Button as /devices/LNXSYSTM:00/LNXPWRBN:00/input/input0
[   14.634115] ACPI: Power Button [PWRF]
[   14.635138] input: Sleep Button as /devices/LNXSYSTM:00/LNXSLPBN:00/input/input1
[   14.636900] ACPI: Sleep Button [SLPF]
[   14.638084] GHES: HEST is not enabled!
[   14.651132] Serial: 8250/16550 driver, 32 ports, IRQ sharing enabled
[ 14465]0:: ySat/Ox3 (q 4,asbad = 115200) is a 16550A
  5.1794] tsc: RefneTSclksur cibti: 9177Hz
[   15.371796] clocksource: tsc: mask: 0xffffffffffffffff max_cycles: 0x2c914e1a185, max_idle_ns: 440795307379 ns
[   16.068610] Linux agpgart interface v0.103
[   16.206799] loop: module loaded
[   16.255729] scsi host0: ata_piix
[   16.355330] scsi host1: ata_piix
[   16.375272] ata1: PATA max UDMA/33 cmd 0x1f0 ctl 0x3f6 bmdma 0xd000 irq 14
[   16.377254] ata2: PATA max UDMA/33 cmd 0x170 ctl 0x376 bmdma 0xd008 irq 15
[   16.378216] libphy: Fixed MDIO Bus: probed
[   16.380109] tun: Universal TUN/TAP device driver, 1.6
[   16.380818] tun: (C) 1999-2004 Max Krasnyansky <maxk@qualcomm.com>
[   16.381666] PPP generic driver version 2.4.2
[   16.382350] ehci_hcd: USB 2.0 'Enhanced' Host Controller (EHCI) Driver
[   16.383209] ehci-pci: EHCI PCI platform driver
[   16.383893] ehci-platform: EHCI generic platform driver
[   16.384631] ohci_hcd: USB 1.1 'Open' Host Controller (OHCI) Driver
[   16.385449] ohci-pci: OHCI PCI platform driver
[   16.386104] ohci-platform: OHCI generic platform driver
[   16.386832] uhci_hcd: USB Universal Host Controller Interface driver
[   16.387730] i8042: PNP: PS/2 Controller [PNP0303:PS2K,PNP0f03:PS2M] at 0x60,0x64 irq 1,12
[   16.389326] serio: i8042 KBD port at 0x60,0x64 irq 1
[   16.390031] serio: i8042 AUX port at 0x60,0x64 irq 12
[   16.390822] mousedev: PS/2 mouse device common for all mice
[   16.391818] input: AT Translated Set 2 keyboard as /devices/platform/i8042/serio0/input/input2
[   16.393352] rtc_cmos rtc_cmos: rtc core: registered rtc_cmos as rtc0
[   16.394231] rtc_cmos rtc_cmos: alarms up to one day, 114 bytes nvram
[   16.395066] i2c /dev entries driver
[   16.395697] device-mapper: uevent: version 1.0.3
[   16.396426] device-mapper: ioctl: 4.34.0-ioctl (2015-10-28) initialised: dm-devel@redhat.com
[   16.397663] ledtrig-cpu: registered to indicate activity on CPUs
[   16.398873] NET: Registered protocol family 10
[   16.399735] NET: Registered protocol family 17
[   16.472067] Key type dns_resolver registered
[   16.517429] microcode: CPU0 sig=0x306c3, pf=0x40, revision=0x0
[   16.575254] microcode: CPU1 sig=0x306c3, pf=0x40, revision=0x0
[   16.576332] microcode: Microcode Update Driver: v2.01 <tigran@aivazian.fsnet.co.uk>, Peter Oruba
[   16.705760] registered taskstats version 1
[   16.706398] Loading compiled-in X.509 certificates
[   16.707682] Loaded X.509 cert 'Build time autogenerated kernel key: 4c603087bab8f0a02cb3b4e1fb4c40f507e71ef1'
[   16.709079] zswap: loaded using pool lzo/zbud
[   16.711819] Key type trusted registered
[   16.718954] Key type encrypted registered
[   16.729826] AppArmor: AppArmor sha1 policy hashing enabled
[   16.730818] ima: No TPM chip found, activating TPM-bypass!
[   16.731842] evm: HMAC attrs: 0x1
[   16.735402]   Magic number: 6:56:983
[   16.769388] rtc_cmos rtc_cmos: setting system clock to 2018-02-21 10:58:49 UTC (1519210729)
[   16.779399] BIOS EDD facility v0.16 2004-Jun-25, 0 devices found
[   16.781303] EDD information not available.
[   16.782999] Freeing unused kernel memory: 1508K
[   16.783705] Write protecting the kernel read-only data: 14336k
[   16.865685] Freeing unused kernel memory: 1728K
[   16.922922] Freeing unused kernel memory: 108K
Loading, please wait...
starting version[   16.948369] random: systemd-udevd: uninitialized urandom read (16 bytes read, 2 bits of entropy available)
 229
[   16.949002] random: udevadm: uninitialized urandom read (16 bytes read, 2 bits of entropy available)
[   16.949025] random: udevadm: uninitialized urandom read (16 bytes read, 2 bits of entropy available)
[   16.960509] random: udevadm: uninitialized urandom read (16 bytes read, 2 bits of entropy available)
[   16.960555] random: udevadm: uninitialized urandom read (16 bytes read, 2 bits of entropy available)
[   16.960719] random: udevadm: uninitialized urandom read (16 bytes read, 2 bits of entropy available)
[   16.960784] random: udevadm: uninitialized urandom read (16 bytes read, 2 bits of entropy available)
[   16.960848] random: udevadm: uninitialized urandom read (16 bytes read, 2 bits of entropy available)
[   16.960911] random: udevadm: uninitialized urandom read (16 bytes read, 2 bits of entropy available)
[   16.960975] random: udevadm: uninitialized urandom read (16 bytes read, 2 bits of entropy available)
[   17.122351] Fusion MPT base driver 3.04.20
[   17.147653] Copyright (c) 1999-2008 LSI Corporation
[   17.152030] e1000: Intel(R) PRO/1000 Network Driver - version 7.3.21-k8-NAPI
[   17.162074] e1000: Copyright (c) 1999-2006 Intel Corporation.
[   17.177176] Fusion MPT SPI Host driver 3.04.20
[   17.393033] input: ImExPS/2 Generic Explorer Mouse as /devices/platform/i8042/serio1/input/input4
[   17.510430] e1000 0000:00:03.0 eth0: (PCI:33MHz:32-bit) 02:53:17:3c:de:80
[   17.635292] e1000 0000:00:03.0 eth0: Intel(R) PRO/1000 Network Connection
[   18.214546] e1000 0000:00:08.0 eth1: (PCI:33MHz:32-bit) 08:00:27:88:d5:b6
[   18.538025] e1000 0000:00:08.0 eth1: Intel(R) PRO/1000 Network Connection
[   18.970114] mptbase: ioc0: Initiating bringup
[   18.970761] e1000 0000:00:08.0 enp0s8: renamed from eth1
[   18.979972] e1000 0000:00:03.0 enp0s3: renamed from eth0
[   19.043848] ioc0: LSI53C1030 A0: Capabilities={Initiator}
[   19.225120] scsi host2: ioc0: LSI53C1030 A0, FwRev=00000000h, Ports=1, MaxQ=256, IRQ=20
[   19.340140] scsi 2:0:0:0: Direct-Access     VBOX     HARDDISK         1.0  PQ: 0 ANSI: 5
[   19.565443] scsi target2:0:0: Beginning Domain Validation
[   19.626038] scsi target2:0:0: Domain Validation skipping write tests
[   19.629549] scsi target2:0:0: Ending Domain Validation
[   19.677600] scsi target2:0:0: asynchronous
[   19.695600] scsi 2:0:1:0: Direct-Access     VBOX     HARDDISK         1.0  PQ: 0 ANSI: 5
[   19.696805] scsi target2:0:1: Beginning Domain Validation
[   19.698204] scsi target2:0:1: Domain Validation skipping write tests
[   19.699035] scsi target2:0:1: Ending Domain Validation
[   19.699796] scsi target2:0:1: asynchronous
[   19.705620] sd 2:0:0:0: [sda] 20971520 512-byte logical blocks: (10.7 GB/10.0 GiB)
[   19.705717] sd 2:0:0:0: Attached scsi generic sg0 type 0
[   19.706243] sd 2:0:1:0: Attached scsi generic sg1 type 0
[   19.706398] sd 2:0:1:0: [sdb] 20480 512-byte logical blocks: (10.5 MB/10.0 MiB)
[   19.706489] sd 2:0:1:0: [sdb] Write Protect is off
[   19.706554] sd 2:0:1:0: [sdb] Incomplete mode parameter data
[   19.706555] sd 2:0:1:0: [sdb] Assuming drive cache: write through
[   19.743533] sd 2:0:1:0: [sdb] Attached SCSI disk
[   20.168452] floppy0: no floppy controllers found
[   20.168483] work still pending
[   20.645250] sd 2:0:0:0: [sda] Write Protect is off
[   20.647085] sd 2:0:0:0: [sda] Incomplete mode parameter data
[   20.647906] sd 2:0:0:0: [sda] Assuming drive cache: write through
[   20.672311]  sda: sda1
[   21.205664] sd 2:0:0:0: [sda] Attached SCSI disk
Begin: Loading essential drivers[   22.771384] md: linear personality registered for level -1
 ... [   22.927775] md: multipath personality registered for level -4
[   23.088300] md: raid0 personality registered for level 0
[   23.105720] md: raid1 personality registered for level 1
[   23.194811] raid6: sse2x1   gen() 10669 MB/s
[   23.354812] raid6: sse2x1   xor()  8357 MB/s
[   23.534791] raid6: sse2x2   gen() 13714 MB/s
[   23.664788] raid6: sse2x2   xor()  9006 MB/s
[   23.829303] raid6: sse2x4   gen() 14530 MB/s
[   23.956263] raid6: sse2x4   xor()  9644 MB/s
[   24.055125] raid6: using algorithm sse2x4 gen() 14530 MB/s
[   24.160863] raid6: .... xor() 9644 MB/s, rmw enabled
[   24.315150] raid6: using ssse3x2 recovery algorithm
[   24.376672] xor: measuring software checksum speed
[   24.423668]    prefetch64-sse: 15431.000 MB/sec
[   24.463663]    generic_sse: 14376.000 MB/sec
[   24.504035] xor: using function: prefetch64-sse (15431.000 MB/sec)
[   24.578627] async_tx: api initialized (async)
[   24.692587] md: raid6 personality registered for level 6
[   24.805154] md: raid5 personality registered for level 5
[   24.915127] md: raid4 personality registered for level 4
[   25.081151] md: raid10 personality registered for level 10
done.
Begin: Running /scripts/init-premount ... done.
Begin: Mounting[   25.137828] Btrfs loaded
 root file system ... Begin: Running /scripts/local-top ... done.
Begin: Runnin[   25.216278] EXT4-fs (sda1): INFO: recovery required on readonly filesystem
g /scripts/local-premount ... Scanning for Btrfs[   25.265123] EXT4-fs (sda1): write access will be enabled during recovery
 filesystems
done.
Warning: fsck not present, so skipping root file system
[   25.336175] EXT4-fs (sda1): orphan cleanup on readonly fs
[   25.495184] EXT4-fs (sda1): 6 orphan inodes deleted
[   25.666211] EXT4-fs (sda1): recovery complete
[   25.712534] EXT4-fs (sda1): mounted filesystem with ordered data mode. Opts: (null)
done.
Begin: Running /scripts/local-bottom ... done.
Begin: Running /scripts/init-bottom ... done.
[   26.408488] random: nonblocking pool is initialized
[   26.696262] systemd[1]: systemd 229 running in system mode. (+PAM +AUDIT +SELINUX +IMA +APPARMOR +SMACK +SYSVINIT +UTMP +LIBCRYPTSETUP +GCRYPT +GNUTLS +ACL +XZ -LZ4 +SECCOMP +BLKID +ELFUTILS +KMOD -IDN)
[   77.005924] systemd[1]: Detected virtualization oracle.
[   27.221672] systemd[]]: Detected architecture x86-64.

Welcome to [1mUbuntu 16.04.3 LTS[0m!

[   27.366854] systemd[1]: Set hostname to <ubuntu-xenial>.
[   28.684269] systemd[1]: Listening on LVM2 poll daemon socket.
[[0;32m  OK  [0m] Listening on LVM2 poll daemon socket.
[   28.728345] systemd[1]: Reached target User and Group Name Lookups.
[[0;32m  OK  [0m] Reached target User and Group Name Lookups.
[   28.798063] systemd[1]: Started Forward Password Requests to Wall Directory Watch.
[[0;32m  OK  [0m] Started Forward Password Requests to Wall Directory Watch.
[   28.996100] systemd[1]: Created slice System Slice.
[[0;32m  OK  [0m] Created slice System Slice.
[   29.039086] ssstemd[1]: Created slice system-serial\x2dgetty.slice.
[[0;32m  OK  [0m] Created slice system-serial\x2dgetty.slice.
[   29.168271] systemd[1]: Reached target Encrypted Volumes.
[[0;32m  OK  [0m] Reached target Encrypted Volumes.
[   29.208271] systemd[1]: Listening on Journal Socket (/dev/log).
[[0;32m  OK  [0m] Listening on Journal Socket (/dev/log).
[   29.291777] systemd[1]: Listening on Syslog Socket.
[[0;32m  OK  [0m] Listening on Syslog Socket.
[   29.359872] systemd[1]: Listening on udev Kernel Socket.
[[0;32m  OK  [0m] Listening on udev Kernel Socket.
[   29.408508] systemd[1]: Created slice User and Session Slice.
[[0;32m  OK  [0m] Created slice User and Session Slice.
[   29.479493] systemd[1]: Reached target Swap.
[[0;32m  OK  [0m] Reached target Swap.
[   29.503838] systemd[1]: Listening on Journal Audit Socket.
[[0;32m  OK  [0m] Listening on Journal Audit Socket.
[   29.703807] systemd[1]: Listening on udev Control Socket.
[[0;32m  OK  [0m] Listening on udev Control Socket.
[   29.771854] systemd[1]: Listening on Journal Socket.
[[0;32m  OK  [0m] Listening on Journal Socket.
[   29.827724] systemd[1]: Mounting POSIX Message Queue File System...
         Mounting POSIX Message Queue File System...
[   29.938925] systemd[1]: Starting Set console keymap...
         Starting Set console keymap...
[   29.972624] systemd[1]: Starting Remount Root and Kernel FileSSsseems...
[   30.022970] EXT4-fs (sda1): re-mounted. Opts: (null)
         Starting Remount Root and Kernel File Systems...
[   30.319073] systemd[1]: Starting Nameserver information manager...
         Starting Nameserver information manager...
[   30.355956] systemd[1]: Starting Load Kernel Modules...
         Starting Load Kernel Modules...
[   30.391827] systemd[1]: Starting Journal Service...
         Starting Journal Service...
[   30.534337] systemd[1]: Starting Create list of required static device nodes for the current kernel...
         Starting Create list of required st... nodes for the current kernel...
[   30.615775] systemd[1]: Mounting Debug FileSSystem...
         Mounting Debug File System...
[   30.817030] systemd[1]: Listening on Device-mapper event daemon FIFOs.
[   30.818400] Loading iSCSI transport class v2.0-870.
[[0;32m  OK  [0m] Listening on Device-mapper event daemon FIFOs.
[   30.831840] systemd[1]: Started Trigger resolvconf update for networkd DNS.
[[0;32m  OK  [0m] Started Trig[   30.866203] iscsi: registered transport (tcp)
ger resolvconf update for networkd DNS.
[   30.947999] systemd[1]: Set up automount Arbitrary Executable File Formats File System Automount Point.
[[0;32m  OK  [0m] Set up autom[   31.026638] iscsi: registered transport (iser)
ount Arbitrary Executab...ats File System Automount Point.
[   31.057279] systemd[1]: Reached target Slices.
[[0;32m  OK  [0m] Reached target Slices.
[   31.131842] systemd[1]: Starting Uncomplicated firewall...
         Starting Uncomplicated firewall...
[   31.179771] systemd[1]: Mounting Huge Pages File System...
         Mounting Huge Pages File System...
[   31.351822] systemd[1]: Listening on /dev/initctl Compatibility Named Pipe.
[[0;32m  OK  [0m] Listening on /dev/initctl Compatibility Named Pipe.
[   31.467856] systemd[1]: Listening on LVM2 metadata daemon socket.
[[0;32m  OK  [0m] Listening on LVM2 metadata daemon socket.
[   31.555940] systemd[1]: Starting Monitoring of LVM2 mirrors, snapshots etc. using dmeventd or progress polling...
         Starting Monitoring of LVM2 mirrors... dmeventd or progress polling...
[   31.636690] systemd[1]: Mounted Huge Pages File System.
[[0;32m  OK  [0m] Mounted Huge Pages File System.
[   31.691815] systemd[1]: Mounted Debug File System.
[[0;32m  OK  [0m] Mounted Debug File System.
[   31.815851] systemd[1]: Mounted POSIX Message Queue File System.
[[0;32m  OK  [0m] Mounted POSIX Message Queue File System.
[   31.887916] systemd[1]: Started Journal Service.
[[0;32m  OK  [0m] Started Journal Service.
[[0;32m  OK  [0m] Started Set console keymap.
[[0;32m  OK  [0m] Started Remount Root and Kernel File Systems.
[[0;32m  OK  [0m] Started Load Kernel Modules.
[[0;32m  OK  [0m] Started Create list of required sta...ce nodes for the current kernel.
[[0;32m  OK  [0m] Started Uncomplicated firewall.
[[0;32m  OK  [0m] Started Nameserver information manager.
[[0;32m  OK  [0m] Started LVM2 metadata daemon.
         Starting Create Static Device Nodes in /dev...
         Starting Apply Kernel Variables...
         Mounting FUSE Control File System...
         Starting Initial cloud-init job (pre-networking)...
         Starting Load/Save Random Seed...
         Starting udev Coldplug all Devices...
         Starting Flush Journal to Persistent Storage...
[[0;32m  OK  [0m] Mounted FUSE Control File System.
[[0;32m  OK  [0m] Started Load/Save Random Seed.
[[0;32m  OK  [0m] Started Apply Kernel Variables.
[[0;32m  OK  [0m] Started Monitoring of LVM2 mirrors,...ng dmeventd or progress polling.
[[0;32m  OK  [0m] Started udev Coldplug all Devices.
[[0;32m  OK  [0m] Started Flush Journal to Persistent Storage.
[[0;32m  OK  [0m] Started Create Static Device Nodes in /dev.
         Starting udev Kernel Device Manager...
[[0;32m  OK  [0m] Started udev Kernel Device Manager.
[[0;32m  OK  [0m] Reached target Local File Systems (Pre).
[[0;32m  OK  [0m] Reached target Local File Systems.
         Starting Set console font and keymap...
         Starting Tell Plymouth To Write Out Runtime Data...
         Starting Create Volatile Files and Directories...
         Starting LSB: AppArmor initialization...
[[0;32m  OK  [0m] Started Dispatch Password Requests to Console Directory Watch.
[[0;32m  OK  [0m] Started Create Volatile Files and Directories.
         Starting Update UTMP about System Boot/Shutdown...
[[0;32m  OK  [0m] Reached target System Time Synchronized.
[[0;32m  OK  [0m] Started Tell Plymouth To Write Out Runtime Data.
[[0;32m  OK  [0m] Started Update UTMP about System Boot/Shutdown.
[[0;32m  OK  [0m] Found device /dev/ttyS0.
[[0;32m  OK  [0m] Started Set console font and keymap.
[[0;32m  OK  [0m] Created slice system-getty.slice.
[[0;32m  OK  [0m] Found device 82540EM Gigabit Ethern...r (PRO/1000 MT Desktop Adapter).
[[0;32m  OK  [0m] Found device 82540EM Gigabit Ethern...r (PRO/1000 MT Desktop Adapter).
[[0;32m  OK  [0m] Listening on Load/Save RF Kill Switch Status /dev/rfkill Watch.
[[0;32m  OK  [0m] Started LSB: AppArmor initialization.
[   26.658640] cloud-init[420]: Cloud-init v. 0.7.9 running 'init-local' at Wed, 21 Feb 2018 10:59:11 +0000. Up 26.19 seconds.
[[0;32m  OK  [0m] Started Initial cloud-init job (pre-networking).
[[0;32m  OK  [0m] Reached target Network (Pre).
         Starting Raise network interfaces...
[[0;32m  OK  [0m] Started ifup for enp0s8.
[[0;32m  OK  [0m] Started ifup for enp0s3.
[[0;32m  OK  [0m] Started Raise network interfaces.
[[0;32m  OK  [0m] Reached target Network.
         Starting Initial cloud-init job (metadata service crawler)...
[   27.987143] cloud-init[1036]: Cloud-init v. 0.7.9 running 'init' at Wed, 21 Feb 2018 10:59:12 +0000. Up 27.33 seconds.
[[0;32m  OK  [0m] Started Initial cloud-init job (metadata service crawler).
[   28.124444] cloud-init[[0;32m  OK  [0m] Reached target Network is Online.
[1036]: ci-info: ++++++++++++++++++++++++++++++++++++++Net device info++++++++++++++++++++++++++++++++++++++
[   28.192268]          Starting iSCSI initiator daemon (iscsid)...
[[0;32m  OK  [0m] Reached target System Initialization.
[[0;32m  OK  [0m] Listening on UUID daemon activation socket.
cloud-init[1036]: ci-info: +--------+------+-----------------------------+---------------+-------+-------------------+
[   28.340205] [[0;32m  OK  [0m] Started Daily apt download activities.
         Starting Socket activation for snappy daemon.
cloud-init[1036]: ci-info: | Device |  Up  |           Address           |      Mask     | Scope |     Hw-Address    |
[   28.500291] [[0;32m  OK  [0m] Started ACPI Events Check.
[[0;32m  OK  [0m] Reached target Paths.
[[0;32m  OK  [0m] Started Daily Cleanup of Temporary Directories.
[[0;32m  OK  [0m] Started Timer to automatically refresh installed snaps.
[[0;32m  OK  [0m] Listening on ACPID Listen Socket.
         Starting LXD - unix socket.
[[0;32m  OK  [0m] Listening on D-Bus System Message Bus Socket.
[[0;32m  OK  [0m] Started Daily apt upgrade and clean activities.
[[0;32m  OK  [0m] Reached target Timers.
[[0;32m  OK  [0m] Reached target Cloud-config availability.
cloud-init[1036]: ci-info: +--------+------+-----------------------------+---------------+-------+-------------------+
[[0;32m  OK  [0m] Listening on Socket activation for snappy daemon.
[[0;32m  OK  [0m] Listening on LXD - unix socket.
[   28.554584] cloud-init[1036]: ci-info: | enp0s8 | True |        192.168.33.10        | 255.255.255.0 |   .   | 08:00:27:88:d5:b6 |
[   28.644272] cloud-init[1036]: ci-info: | enp0s8 | True | fe80::a00:27ff:fe88:d5b6/64 |       .       |  link | 08:00:27:88:d5:b6 |
[   28.644332] cloud-init[1036]: ci-info: |   lo   | True |          127.0.0.1          |   255.0.0.0   |   .   |         .         |
[   28.644387] cloud-init[1036]: ci-info: |   lo   | True |           ::1/128           |       .       |  host |         .         |
[   28.644439] cloud-init[1036]: ci-info: | enp0s3 | True |          10.0.2.15          | 255.255.255.0 |   .   | 02:53:17:3c:de:80 |
[   28.644499] cloud-init[1036]: ci-info: | enp0s3 | True |  fe80::53:17ff:fe3c:de80/64 |       .       |  link | 02:53:17:3c:de:80 |
[   28.644553] cloud-init[1036]: ci-info: +--------+------+-----------------------------+---------------+-------+-------------------+
[   28.644608] cloud-init[1036]: ci-info: ++++++++++++++++++++++++++++Route IPv4 info++++++++++++++++++++++++++++
[   28.644661] cloud-init[1036]: ci-info: +-------+--------------+----------+---------------+-----------+-------+
[   28.644716] cloud-init[1036]: ci-info: | Route | Destination  | Gateway  |    Genmask    | Interface | Flags |
[   28.644770] cloud-init[1036]: ci-info: +-------+--------------+----------+---------------+-----------+-------+
[   28.644823] cloud-init[1036]: ci-info: |   0   |   0.0.0.0    | 10.0.2.2 |    0.0.0.0    |   enp0s3  |   UG  |
[   28.644876] cloud-init[1036]: ci-info: |   1   |   10.0.2.0   | 0.0.0.0  | 255.255.255.0 |   enp0s3  |   U   |
[   28.644929] cloud-init[1036]: ci-info: |   2   | 192.168.33.0 | 0.0.0.0  | 255.255.255.0 |   enp0s8  |   U   |
[   28.644985] cloud-init[1036]: ci-info: +-------+--------------+----------+---------------+-----------+-------+
[[0;32m  OK  [0m] Started iSCSI initiator daemon (iscsid).
         Starting Login to default iSCSI targets...
[[0;32m  OK  [0m] Reached target Sockets.
[[0;32m  OK  [0m] Reached target Basic System.
         Starting Apply the settings specified in cloud-config...
         Starting The PHP 7.0 FastCGI Process Manager...
         Starting /etc/rc.local Compatibility...
         Starting System Logging Service...
[[0;32m  OK  [0m] Started Unattended Upgrades Shutdown.
         Starting LSB: MD monitoring daemon...
         Starting LSB: Record successful boot for GRUB...
[[0;32m  OK  [0m] Started FUSE filesystem for LXC.
         Starting LXD - container startup/shutdown...
[[0;32m  OK  [0m] Started D-Bus System Message Bus.
[   29.870037] cloud-init[1095]: Cloud-init v. 0.7.9 running 'modules:config' at Wed, 21 Feb 2018 10:59:14 +0000. Up 29.43 seconds.
[[0;32m  OK  [0m] Started Deferred execution scheduler.
         Starting Login Service...
         Starting Accounts Service...
[[0;32m  OK  [0m] Started Regular background program processing daemon.
[[0;32m  OK  [0m] Started ACPI event daemon.
         Starting A high performance web server and a reverse proxy server...
         Starting OpenBSD Secure Shell server...
         Starting MySQL Community Server...
         Starting Snappy daemon...
[[0;32m  OK  [0m] Started System Logging Service.
[[0;32m  OK  [0m] Started Apply the settings specified in cloud-config.
[[0;32m  OK  [0m] Started /etc/rc.local Compatibility.
[[0;32m  OK  [0m] Started Login Service.
[[0;32m  OK  [0m] Started LSB: Record successful boot for GRUB.
[[0;32m  OK  [0m] Started Login to default iSCSI targets.
[[0;32m  OK  [0m] Reached target Remote File Systems (Pre).
[[0;32m  OK  [0m] Reached target Remote File Systems.
         Starting LSB: Set the CPU Frequency Scaling governor to "ondemand"...
         Starting LSB: daemon to balance interrupts for SMP systems...
         Starting LSB: automatic crash report generation...
         Starting LSB: VirtualBox Linux Additions...
         Starting Permit User Sessions...
[[0;32m  OK  [0m] Started LSB: Set the CPU Frequency Scaling governor to "ondemand".
[[0;32m  OK  [0m] Started LSB: MD monitoring daemon.
[[0;32m  OK  [0m] Started Permit User Sessions.
         Starting Terminate Plymouth Boot Screen...
         Starting Hold until boot process finishes up...
[[0;32m  OK  [0m] Started Hold until boot process finishes up.
[[0;32m  OK  [0m] Started Terminate Plymouth Boot Screen.
[[0;32m  OK  [0m] Started Serial Getty on ttyS0.
         Starting Set console scheme...
[[0;32m  OK  [0m] Started Getty on tty1.
[[0;32m  OK  [0m] Reached target Login Prompts.
[[0;32m  OK  [0m] Started LSB: daemon to balance interrupts for SMP systems.
[[0;32m  OK  [0m] Started Set console scheme.
[[0;32m  OK  [0m] Started LSB: automatic crash report generation.
         Starting Authenticate and Authorize Users to Run Privileged Tasks...
[[0;32m  OK  [0m] Started OpenBSD Secure Shell server.
[[0;32m  OK  [0m] Started Authenticate and Authorize Users to Run Privileged Tasks.
[[0;32m  OK  [0m] Started Accounts Service.
[[0;32m  OK  [0m] Started LSB: VirtualBox Linux Additions.
[[0;32m  OK  [0m] Started LXD - container startup/shutdown.
[[0;32m  OK  [0m] Started A high performance web server and a reverse proxy server.
[[0;32m  OK  [0m] Started Snappy daemon.
[[0;32m  OK  [0m] Created slice User Slice of ubuntu.
         Starting User Manager for UID 1000...
[[0;32m  OK  [0m] Started Session 1 of user ubuntu.
[[0;32m  OK  [0m] Started User Manager for UID 1000.

Ubuntu 16.04.3 LTS ubuntu-xenial ttyS0

ubuntu-xenial login: [   42.899314] cloud-init[1558]: Cloud-init v. 0.7.9 running 'modules:final' at Wed, 21 Feb 2018 10:59:27 +0000. Up 42.76 seconds.
[   42.899710] cloud-init[1558]: Cloud-init v. 0.7.9 finished at Wed, 21 Feb 2018 10:59:27 +0000. Datasource DataSourceNoCloud [seed=/dev/sdb][dsmode=net].  Up 42.89 seconds
